<?xml version="1.0" encoding="UTF-8"?>
<!-- Generated by org.testng.reporters.JUnitReportReporter -->
<testsuite skipped="0" hostname="LAPTOP-6F62KJM9" name="com.chethan.test.First" tests="2" failures="0" timestamp="2022-01-29T12:33:56 IST" time="0.010" errors="0">
  <testcase name="t1" time="0.009" classname="com.chethan.test.First"/>
  <system-out/>
  <testcase name="t2" time="0.001" classname="com.chethan.test.First"/>
  <system-out/>
</testsuite> <!-- com.chethan.test.First -->
