<?xml version="1.0" encoding="UTF-8"?>
<!-- Generated by org.testng.reporters.JUnitReportReporter -->
<testsuite skipped="0" hostname="LAPTOP-6F62KJM9" name="com.chethan.test.FirstTest" tests="2" failures="0" timestamp="2022-01-29T14:48:31 IST" time="0.003" errors="0">
  <testcase name="t1" time="0.003" classname="com.chethan.test.FirstTest"/>
  <system-out/>
  <testcase name="t2" time="0.000" classname="com.chethan.test.FirstTest"/>
  <system-out/>
</testsuite> <!-- com.chethan.test.FirstTest -->
